{
  "RSpec": {
    "coverage": {
      "/Users/thomasduffy/Documents/Programming/Learning/Makers Academy/TechTestWeek/BankTechTestPractice/spec/bank_spec.rb": [
        1,
        null,
        1,
        2,
        1,
        null,
        1,
        1,
        1,
        1,
        null,
        null,
        null
      ],
      "/Users/thomasduffy/Documents/Programming/Learning/Makers Academy/TechTestWeek/BankTechTestPractice/lib/bank.rb": [
        1,
        null,
        null,
        1,
        1,
        null,
        1,
        1,
        null,
        null,
        1,
        1,
        null,
        null
      ],
      "/Users/thomasduffy/Documents/Programming/Learning/Makers Academy/TechTestWeek/BankTechTestPractice/lib/transaction.rb": [
        null,
        1,
        1,
        null
      ]
    },
    "timestamp": 1524480346
  }
}
