{
  "RSpec": {
    "coverage": {
      "/Users/thomasduffy/Documents/Programming/Learning/Makers Academy/TechTestWeek/BankTechTestPractice/spec/account_spec.rb": [
        1,
        null,
        1,
        2,
        1,
        null,
        1,
        1,
        1,
        1,
        null,
        null,
        null
      ],
      "/Users/thomasduffy/Documents/Programming/Learning/Makers Academy/TechTestWeek/BankTechTestPractice/lib/account.rb": [
        1,
        null,
        null,
        1,
        1,
        null,
        1,
        1,
        null,
        null,
        1,
        1,
        null,
        null
      ],
      "/Users/thomasduffy/Documents/Programming/Learning/Makers Academy/TechTestWeek/BankTechTestPractice/lib/transaction.rb": [
        1,
        null,
        null,
        1,
        1,
        null,
        1,
        1,
        1,
        null,
        null
      ],
      "/Users/thomasduffy/Documents/Programming/Learning/Makers Academy/TechTestWeek/BankTechTestPractice/lib/formatter.rb": [
        null,
        1,
        1,
        2,
        null,
        null,
        1,
        5,
        null,
        null
      ],
      "/Users/thomasduffy/Documents/Programming/Learning/Makers Academy/TechTestWeek/BankTechTestPractice/spec/formatter_spec.rb": [
        1,
        null,
        1,
        1,
        null,
        1,
        1,
        1,
        null,
        null,
        null,
        1,
        1,
        1,
        null,
        null,
        null
      ],
      "/Users/thomasduffy/Documents/Programming/Learning/Makers Academy/TechTestWeek/BankTechTestPractice/spec/header_spec.rb": [
        1,
        null,
        1,
        2,
        null,
        1,
        1,
        1,
        null,
        null,
        null
      ],
      "/Users/thomasduffy/Documents/Programming/Learning/Makers Academy/TechTestWeek/BankTechTestPractice/lib/header.rb": [
        null,
        1,
        1,
        2,
        null,
        null
      ],
      "/Users/thomasduffy/Documents/Programming/Learning/Makers Academy/TechTestWeek/BankTechTestPractice/spec/information_spec.rb": [
        1,
        null,
        1,
        2,
        null,
        1,
        1,
        null,
        null,
        null,
        null,
        1,
        1,
        null,
        null,
        null,
        1,
        1,
        1,
        null,
        null,
        null
      ],
      "/Users/thomasduffy/Documents/Programming/Learning/Makers Academy/TechTestWeek/BankTechTestPractice/lib/information.rb": [
        null,
        1,
        1,
        7,
        null,
        null
      ],
      "/Users/thomasduffy/Documents/Programming/Learning/Makers Academy/TechTestWeek/BankTechTestPractice/spec/parser_spec.rb": [
        1,
        null,
        1,
        2,
        null,
        1,
        1,
        null,
        null,
        null,
        null,
        1,
        1,
        null,
        null,
        null,
        1,
        1,
        1,
        null,
        null,
        null,
        null
      ],
      "/Users/thomasduffy/Documents/Programming/Learning/Makers Academy/TechTestWeek/BankTechTestPractice/lib/parser.rb": [
        1,
        null,
        null,
        1,
        1,
        null,
        2,
        1,
        null,
        null,
        1,
        2,
        null,
        null
      ],
      "/Users/thomasduffy/Documents/Programming/Learning/Makers Academy/TechTestWeek/BankTechTestPractice/spec/printer_spec.rb": [
        1,
        null,
        1,
        2,
        null,
        1,
        1,
        1,
        1,
        null,
        null,
        null,
        null,
        null,
        null,
        null,
        null
      ],
      "/Users/thomasduffy/Documents/Programming/Learning/Makers Academy/TechTestWeek/BankTechTestPractice/lib/printer.rb": [
        1,
        1,
        null,
        null,
        1,
        1,
        1,
        3,
        null,
        null
      ]
    },
    "timestamp": 1524524529
  }
}
